<?xml version="1.0" encoding="UTF-8"?>
<!-- Generated by org.testng.reporters.JUnitReportReporter -->
<testsuite skipped="0" hostname="LAPTOP-81AM6DEF" name="com.actitime.testcases.TestApproveTimeTrack" tests="4" failures="0" timestamp="2022-11-11T21:26:54 IST" time="6.896" errors="0">
  <testcase name="loginToApp" time="0.221" classname="com.actitime.testcases.TestApproveTimeTrack"/>
  <system-out/>
  <testcase name="goApproveTimeTrack" time="5.947" classname="com.actitime.testcases.TestApproveTimeTrack"/>
  <system-out/>
  <testcase name="clickCheckBox" time="0.662" classname="com.actitime.testcases.TestApproveTimeTrack"/>
  <system-out/>
  <testcase name="clickApproveBtn" time="0.066" classname="com.actitime.testcases.TestApproveTimeTrack"/>
  <system-out/>
</testsuite> <!-- com.actitime.testcases.TestApproveTimeTrack -->
