<?xml version="1.0" encoding="UTF-8"?>
<!-- Generated by org.testng.reporters.JUnitReportReporter -->
<testsuite skipped="0" hostname="LAPTOP-81AM6DEF" name="com.actitime.testcases.TestRejectTimeTrack" tests="6" failures="0" timestamp="2022-11-11T21:26:54 IST" time="6.435" errors="0">
  <testcase name="loginToApp" time="0.186" classname="com.actitime.testcases.TestRejectTimeTrack"/>
  <system-out/>
  <testcase name="goApproveTimeTrack" time="5.446" classname="com.actitime.testcases.TestRejectTimeTrack"/>
  <system-out/>
  <testcase name="clickCheckBox" time="0.587" classname="com.actitime.testcases.TestRejectTimeTrack"/>
  <system-out/>
  <testcase name="clickRejectBtn" time="0.087" classname="com.actitime.testcases.TestRejectTimeTrack"/>
  <system-out/>
  <testcase name="enterRejectReason" time="0.070" classname="com.actitime.testcases.TestRejectTimeTrack"/>
  <system-out/>
  <testcase name="clickReasonRejectBtn" time="0.059" classname="com.actitime.testcases.TestRejectTimeTrack"/>
  <system-out/>
</testsuite> <!-- com.actitime.testcases.TestRejectTimeTrack -->
