<?xml version="1.0" encoding="UTF-8"?>
<!-- Generated by org.testng.reporters.JUnitReportReporter -->
<testsuite skipped="0" hostname="LAPTOP-81AM6DEF" name="com.actitime.testcases.TestLogin" tests="1" failures="0" timestamp="2022-11-11T21:26:54 IST" time="0.181" errors="0">
  <testcase name="loginToApp" time="0.181" classname="com.actitime.testcases.TestLogin"/>
  <system-out/>
</testsuite> <!-- com.actitime.testcases.TestLogin -->
